Arguments: 
  /usr/local/bin/node /Users/ricardolevi/.yarn/bin/yarn.js

PATH: 
  /Users/ricardolevi/.yarn/bin:/Users/ricardolevi/.config/yarn/global/node_modules/.bin:info If you think this is a bug, please open a bug report with the information provided in "/Users/ricardolevi/OneDrive/Projetos/mydailystatus/yarn-error.log".
  info Visit https://yarnpkg.com/en/docs/cli/global for documentation about this command.:/Library/Frameworks/Python.framework/Versions/3.9/bin:/Library/Frameworks/Python.framework/Versions/3.8/bin:/opt/local/bin:/opt/local/sbin:/usr/local/bin:/usr/bin:/bin:/usr/sbin:/sbin:/Library/Apple/usr/bin:/Users/ricardolevi/.yarn/bin:/Users/ricardolevi/.config/yarn/global/node_modules/.bin:/Users/ricardolevi/.zinit/polaris/sbin:/Users/ricardolevi/.zinit/polaris/bin:/Users/ricardolevi/.zinit/polaris/usr/sbin:/Users/ricardolevi/.zinit/polaris/usr/bin:/Library/Frameworks/Python.framework/Versions/3.9/bin:/Library/Frameworks/Python.framework/Versions/3.8/bin:/opt/local/bin:/opt/local/sbin:/usr/local/bin

Yarn version: 
  1.22.5

Node version: 
  12.19.0

Platform: 
  darwin x64

Trace: 
  SyntaxError: /Users/ricardolevi/OneDrive/Projetos/mydailystatus/package.json: Unexpected end of JSON input
      at JSON.parse (<anonymous>)
      at /Users/ricardolevi/.yarn/lib/cli.js:1625:59
      at Generator.next (<anonymous>)
      at step (/Users/ricardolevi/.yarn/lib/cli.js:310:30)
      at /Users/ricardolevi/.yarn/lib/cli.js:321:13

npm manifest: 
  {
    "name": "mydailystatus",
    "version": "1.0.0",
    "description": "",
    "main": "index.js",
    "scripts": {
      "dev": "next",
      "build": "next build",
      "start": "next start"
    },
    "author": "Ricardo Levi",
    "license": "MIT",
    "dependencies": {
      "@auth0/nextjs-auth0": "^0.11.0",
      "axios": "^0.19.2",
      "dotenv": "^8.2.0",
      "firebase-admin": "^8.10.0",
      "geofirestore": "^3.4.1",
      "next": "^9.3.4",
      "postcss-import": "^12.0.1",
      "postcss-preset-env": "^6.7.0",
      "react": "^16.13.1",
      "react-dom": "^16.13.1",
      "tailwindcss": "^1.2.0",
      "date-and-time": ">=0.14.2",
      "object-path": ">=0.11.5",
      "node-forge": ">=0.10.0",
      "node-fetch": ">=2.6.1",
      "serialize-javascript": ">=3.1.0"
  },

yarn manifest: 
  No manifest

Lockfile: 
  No lockfile
